# JRE version: Java(TM) SE Runtime Environment (8.0_91-b14) (build 1.8.0_91-b14)
# Java VM: Java HotSpot(TM) 64-Bit Server VM (25.91-b14 mixed mode linux-amd64 compressed oops)
Heap:
 PSYoungGen      total 70144K, used 15128K [0x00000000d7100000, 0x00000000dc980000, 0x0000000100000000)
  eden space 66048K, 17% used [0x00000000d7100000,0x00000000d7c2a140,0x00000000db180000)
  from space 4096K, 90% used [0x00000000dbc00000,0x00000000dbf9c040,0x00000000dc000000)
  to   space 8192K, 0% used [0x00000000dc180000,0x00000000dc180000,0x00000000dc980000)
 ParOldGen       total 56320K, used 27663K [0x0000000085200000, 0x0000000088900000, 0x00000000d7100000)
  object space 56320K, 49% used [0x0000000085200000,0x0000000086d03d80,0x0000000088900000)
 Metaspace       used 17420K, capacity 17660K, committed 18048K, reserved 1064960K
  class space    used 2042K, capacity 2119K, committed 2176K, reserved 1048576K
GC Heap History (10 events):
Event: 169.386 GC heap before
{Heap before GC invocations=674 (full 13):
 PSYoungGen      total 79872K, used 79564K [0x00000000d7100000, 0x00000000dd680000, 0x0000000100000000)
  eden space 76800K, 100% used [0x00000000d7100000,0x00000000dbc00000,0x00000000dbc00000)
  from space 3072K, 89% used [0x00000000dd380000,0x00000000dd633030,0x00000000dd680000)
  to   space 8192K, 0% used [0x00000000dc680000,0x00000000dc680000,0x00000000dce80000)
 ParOldGen       total 56320K, used 21005K [0x0000000085200000, 0x0000000088900000, 0x00000000d7100000)
  object space 56320K, 37% used [0x0000000085200000,0x0000000086683480,0x0000000088900000)
 Metaspace       used 17420K, capacity 17660K, committed 18048K, reserved 1064960K
  class space    used 2042K, capacity 2119K, committed 2176K, reserved 1048576K
Event: 169.389 GC heap after
Heap after GC invocations=674 (full 13):
 PSYoungGen      total 78848K, used 4596K [0x00000000d7100000, 0x00000000dd400000, 0x0000000100000000)
  eden space 74240K, 0% used [0x00000000d7100000,0x00000000d7100000,0x00000000db980000)
  from space 4608K, 99% used [0x00000000dc680000,0x00000000dcafd050,0x00000000dcb00000)
  to   space 8192K, 0% used [0x00000000dcc00000,0x00000000dcc00000,0x00000000dd400000)
 ParOldGen       total 56320K, used 21013K [0x0000000085200000, 0x0000000088900000, 0x00000000d7100000)
  object space 56320K, 37% used [0x0000000085200000,0x0000000086685480,0x0000000088900000)
 Metaspace       used 17420K, capacity 17660K, committed 18048K, reserved 1064960K
  class space    used 2042K, capacity 2119K, committed 2176K, reserved 1048576K
}
Event: 169.598 GC heap before
{Heap before GC invocations=675 (full 13):
 PSYoungGen      total 78848K, used 78836K [0x00000000d7100000, 0x00000000dd400000, 0x0000000100000000)
  eden space 74240K, 100% used [0x00000000d7100000,0x00000000db980000,0x00000000db980000)
  from space 4608K, 99% used [0x00000000dc680000,0x00000000dcafd050,0x00000000dcb00000)
  to   space 8192K, 0% used [0x00000000dcc00000,0x00000000dcc00000,0x00000000dd400000)
 ParOldGen       total 56320K, used 21013K [0x0000000085200000, 0x0000000088900000, 0x00000000d7100000)
  object space 56320K, 37% used [0x0000000085200000,0x0000000086685480,0x0000000088900000)
 Metaspace       used 17420K, capacity 17660K, committed 18048K, reserved 1064960K
  class space    used 2042K, capacity 2119K, committed 2176K, reserved 1048576K
Event: 169.600 GC heap after
Heap after GC invocations=675 (full 13):
 PSYoungGen      total 77824K, used 5560K [0x00000000d7100000, 0x00000000dd180000, 0x0000000100000000)
  eden space 72192K, 0% used [0x00000000d7100000,0x00000000d7100000,0x00000000db780000)
  from space 5632K, 98% used [0x00000000dcc00000,0x00000000dd16e060,0x00000000dd180000)
  to   space 7680K, 0% used [0x00000000dc280000,0x00000000dc280000,0x00000000dca00000)
 ParOldGen       total 56320K, used 21029K [0x0000000085200000, 0x0000000088900000, 0x00000000d7100000)
  object space 56320K, 37% used [0x0000000085200000,0x0000000086689480,0x0000000088900000)
 Metaspace       used 17420K, capacity 17660K, committed 18048K, reserved 1064960K
  class space    used 2042K, capacity 2119K, committed 2176K, reserved 1048576K
}
Event: 169.855 GC heap before
{Heap before GC invocations=676 (full 13):
 PSYoungGen      total 77824K, used 76874K [0x00000000d7100000, 0x00000000dd180000, 0x0000000100000000)
  eden space 72192K, 98% used [0x00000000d7100000,0x00000000db6a48c0,0x00000000db780000)
  from space 5632K, 98% used [0x00000000dcc00000,0x00000000dd16e060,0x00000000dd180000)
  to   space 7680K, 0% used [0x00000000dc280000,0x00000000dc280000,0x00000000dca00000)
 ParOldGen       total 56320K, used 21029K [0x0000000085200000, 0x0000000088900000, 0x00000000d7100000)
  object space 56320K, 37% used [0x0000000085200000,0x0000000086689480,0x0000000088900000)
 Metaspace       used 17420K, capacity 17660K, committed 18048K, reserved 1064960K
  class space    used 2042K, capacity 2119K, committed 2176K, reserved 1048576K
Event: 169.858 GC heap after
Heap after GC invocations=676 (full 13):
 PSYoungGen      total 76800K, used 6428K [0x00000000d7100000, 0x00000000dcc80000, 0x0000000100000000)
  eden space 70144K, 0% used [0x00000000d7100000,0x00000000d7100000,0x00000000db580000)
  from space 6656K, 96% used [0x00000000dc280000,0x00000000dc8c7070,0x00000000dc900000)
  to   space 3584K, 0% used [0x00000000dc900000,0x00000000dc900000,0x00000000dcc80000)
 ParOldGen       total 56320K, used 21037K [0x0000000085200000, 0x0000000088900000, 0x00000000d7100000)
  object space 56320K, 37% used [0x0000000085200000,0x000000008668b480,0x0000000088900000)
 Metaspace       used 17420K, capacity 17660K, committed 18048K, reserved 1064960K
  class space    used 2042K, capacity 2119K, committed 2176K, reserved 1048576K
}
Event: 170.147 GC heap before
{Heap before GC invocations=677 (full 13):
 PSYoungGen      total 76800K, used 76396K [0x00000000d7100000, 0x00000000dcc80000, 0x0000000100000000)
  eden space 70144K, 99% used [0x00000000d7100000,0x00000000db5541f8,0x00000000db580000)
  from space 6656K, 96% used [0x00000000dc280000,0x00000000dc8c7070,0x00000000dc900000)
  to   space 3584K, 0% used [0x00000000dc900000,0x00000000dc900000,0x00000000dcc80000)
 ParOldGen       total 56320K, used 21937K [0x0000000085200000, 0x0000000088900000, 0x00000000d7100000)
  object space 56320K, 38% used [0x0000000085200000,0x000000008676c490,0x0000000088900000)
 Metaspace       used 17420K, capacity 17660K, committed 18048K, reserved 1064960K
  class space    used 2042K, capacity 2119K, committed 2176K, reserved 1048576K
Event: 170.149 GC heap after
Heap after GC invocations=677 (full 13):
 PSYoungGen      total 71168K, used 2828K [0x00000000d7100000, 0x00000000dcc00000, 0x0000000100000000)
  eden space 68096K, 0% used [0x00000000d7100000,0x00000000d7100000,0x00000000db380000)
  from space 3072K, 92% used [0x00000000dc900000,0x00000000dcbc3030,0x00000000dcc00000)
  to   space 8192K, 0% used [0x00000000dbc00000,0x00000000dbc00000,0x00000000dc400000)
 ParOldGen       total 56320K, used 23753K [0x0000000085200000, 0x0000000088900000, 0x00000000d7100000)
  object space 56320K, 42% used [0x0000000085200000,0x00000000869324b0,0x0000000088900000)
 Metaspace       used 17420K, capacity 17660K, committed 18048K, reserved 1064960K
  class space    used 2042K, capacity 2119K, committed 2176K, reserved 1048576K
}
Event: 170.454 GC heap before
{Heap before GC invocations=678 (full 13):
 PSYoungGen      total 71168K, used 70924K [0x00000000d7100000, 0x00000000dcc00000, 0x0000000100000000)
  eden space 68096K, 100% used [0x00000000d7100000,0x00000000db380000,0x00000000db380000)
  from space 3072K, 92% used [0x00000000dc900000,0x00000000dcbc3030,0x00000000dcc00000)
  to   space 8192K, 0% used [0x00000000dbc00000,0x00000000dbc00000,0x00000000dc400000)
 ParOldGen       total 56320K, used 27655K [0x0000000085200000, 0x0000000088900000, 0x00000000d7100000)
  object space 56320K, 49% used [0x0000000085200000,0x0000000086d01d80,0x0000000088900000)
 Metaspace       used 17420K, capacity 17660K, committed 18048K, reserved 1064960K
  class space    used 2042K, capacity 2119K, committed 2176K, reserved 1048576K
Event: 170.456 GC heap after
Heap after GC invocations=678 (full 13):
 PSYoungGen      total 70144K, used 3696K [0x00000000d7100000, 0x00000000dc980000, 0x0000000100000000)
  eden space 66048K, 0% used [0x00000000d7100000,0x00000000d7100000,0x00000000db180000)
  from space 4096K, 90% used [0x00000000dbc00000,0x00000000dbf9c040,0x00000000dc000000)
  to   space 8192K, 0% used [0x00000000dc180000,0x00000000dc180000,0x00000000dc980000)
 ParOldGen       total 56320K, used 27663K [0x0000000085200000, 0x0000000088900000, 0x00000000d7100000)
  object space 56320K, 49% used [0x0000000085200000,0x0000000086d03d80,0x0000000088900000)
 Metaspace       used 17420K, capacity 17660K, committed 18048K, reserved 1064960K
  class space    used 2042K, capacity 2119K, committed 2176K, reserved 1048576K
}

