# JRE version: Java(TM) SE Runtime Environment (8.0_91-b14) (build 1.8.0_91-b14)
# Java VM: Java HotSpot(TM) 64-Bit Server VM (25.91-b14 mixed mode linux-amd64 compressed oops)
Heap:
 PSYoungGen      total 653824K, used 356846K [0x00000000d7100000, 0x00000000fff00000, 0x0000000100000000)
  eden space 638976K, 55% used [0x00000000d7100000,0x00000000ec8f6a10,0x00000000fe100000)
  from space 14848K, 31% used [0x00000000fe100000,0x00000000fe585050,0x00000000fef80000)
  to   space 14336K, 0% used [0x00000000ff100000,0x00000000ff100000,0x00000000fff00000)
 ParOldGen       total 84992K, used 32971K [0x0000000085200000, 0x000000008a500000, 0x00000000d7100000)
  object space 84992K, 38% used [0x0000000085200000,0x0000000087232f18,0x000000008a500000)
 Metaspace       used 16661K, capacity 16942K, committed 17280K, reserved 1064960K
  class space    used 2013K, capacity 2116K, committed 2176K, reserved 1048576K
GC Heap History (10 events):
Event: 9.715 GC heap before
{Heap before GC invocations=9 (full 0):
 PSYoungGen      total 271360K, used 259161K [0x00000000d7100000, 0x00000000e8c00000, 0x0000000100000000)
  eden space 253952K, 99% used [0x00000000d7100000,0x00000000e68b0538,0x00000000e6900000)
  from space 17408K, 31% used [0x00000000e7b00000,0x00000000e8066060,0x00000000e8c00000)
  to   space 17920K, 0% used [0x00000000e6900000,0x00000000e6900000,0x00000000e7a80000)
 ParOldGen       total 84992K, used 27140K [0x0000000085200000, 0x000000008a500000, 0x00000000d7100000)
  object space 84992K, 31% used [0x0000000085200000,0x0000000086c81130,0x000000008a500000)
 Metaspace       used 16428K, capacity 16686K, committed 17024K, reserved 1064960K
  class space    used 2013K, capacity 2116K, committed 2176K, reserved 1048576K
Event: 9.748 GC heap after
Heap after GC invocations=9 (full 0):
 PSYoungGen      total 271872K, used 5592K [0x00000000d7100000, 0x00000000f1f00000, 0x0000000100000000)
  eden space 253952K, 0% used [0x00000000d7100000,0x00000000d7100000,0x00000000e6900000)
  from space 17920K, 31% used [0x00000000e6900000,0x00000000e6e76060,0x00000000e7a80000)
  to   space 16896K, 0% used [0x00000000f0e80000,0x00000000f0e80000,0x00000000f1f00000)
 ParOldGen       total 84992K, used 27180K [0x0000000085200000, 0x000000008a500000, 0x00000000d7100000)
  object space 84992K, 31% used [0x0000000085200000,0x0000000086c8b130,0x000000008a500000)
 Metaspace       used 16428K, capacity 16686K, committed 17024K, reserved 1064960K
  class space    used 2013K, capacity 2116K, committed 2176K, reserved 1048576K
}
Event: 10.699 GC heap before
{Heap before GC invocations=10 (full 0):
 PSYoungGen      total 271872K, used 259544K [0x00000000d7100000, 0x00000000f1f00000, 0x0000000100000000)
  eden space 253952K, 100% used [0x00000000d7100000,0x00000000e6900000,0x00000000e6900000)
  from space 17920K, 31% used [0x00000000e6900000,0x00000000e6e76060,0x00000000e7a80000)
  to   space 16896K, 0% used [0x00000000f0e80000,0x00000000f0e80000,0x00000000f1f00000)
 ParOldGen       total 84992K, used 30483K [0x0000000085200000, 0x000000008a500000, 0x00000000d7100000)
  object space 84992K, 35% used [0x0000000085200000,0x0000000086fc4cd8,0x000000008a500000)
 Metaspace       used 16494K, capacity 16750K, committed 17024K, reserved 1064960K
  class space    used 2013K, capacity 2116K, committed 2176K, reserved 1048576K
Event: 10.701 GC heap after
Heap after GC invocations=10 (full 0):
 PSYoungGen      total 422400K, used 5560K [0x00000000d7100000, 0x00000000f1e00000, 0x0000000100000000)
  eden space 406528K, 0% used [0x00000000d7100000,0x00000000d7100000,0x00000000efe00000)
  from space 15872K, 35% used [0x00000000f0e80000,0x00000000f13ee060,0x00000000f1e00000)
  to   space 16384K, 0% used [0x00000000efe00000,0x00000000efe00000,0x00000000f0e00000)
 ParOldGen       total 84992K, used 30507K [0x0000000085200000, 0x000000008a500000, 0x00000000d7100000)
  object space 84992K, 35% used [0x0000000085200000,0x0000000086fcacd8,0x000000008a500000)
 Metaspace       used 16494K, capacity 16750K, committed 17024K, reserved 1064960K
  class space    used 2013K, capacity 2116K, committed 2176K, reserved 1048576K
}
Event: 12.302 GC heap before
{Heap before GC invocations=11 (full 0):
 PSYoungGen      total 422400K, used 412088K [0x00000000d7100000, 0x00000000f1e00000, 0x0000000100000000)
  eden space 406528K, 100% used [0x00000000d7100000,0x00000000efe00000,0x00000000efe00000)
  from space 15872K, 35% used [0x00000000f0e80000,0x00000000f13ee060,0x00000000f1e00000)
  to   space 16384K, 0% used [0x00000000efe00000,0x00000000efe00000,0x00000000f0e00000)
 ParOldGen       total 84992K, used 31110K [0x0000000085200000, 0x000000008a500000, 0x00000000d7100000)
  object space 84992K, 36% used [0x0000000085200000,0x00000000870618c0,0x000000008a500000)
 Metaspace       used 16581K, capacity 16878K, committed 17280K, reserved 1064960K
  class space    used 2013K, capacity 2116K, committed 2176K, reserved 1048576K
Event: 12.305 GC heap after
Heap after GC invocations=11 (full 0):
 PSYoungGen      total 422912K, used 6460K [0x00000000d7100000, 0x00000000ffe80000, 0x0000000100000000)
  eden space 406528K, 0% used [0x00000000d7100000,0x00000000d7100000,0x00000000efe00000)
  from space 16384K, 39% used [0x00000000efe00000,0x00000000f044f070,0x00000000f0e00000)
  to   space 15360K, 0% used [0x00000000fef80000,0x00000000fef80000,0x00000000ffe80000)
 ParOldGen       total 84992K, used 31126K [0x0000000085200000, 0x000000008a500000, 0x00000000d7100000)
  object space 84992K, 36% used [0x0000000085200000,0x00000000870658c0,0x000000008a500000)
 Metaspace       used 16581K, capacity 16878K, committed 17280K, reserved 1064960K
  class space    used 2013K, capacity 2116K, committed 2176K, reserved 1048576K
}
Event: 13.617 GC heap before
{Heap before GC invocations=12 (full 0):
 PSYoungGen      total 422912K, used 412988K [0x00000000d7100000, 0x00000000ffe80000, 0x0000000100000000)
  eden space 406528K, 100% used [0x00000000d7100000,0x00000000efe00000,0x00000000efe00000)
  from space 16384K, 39% used [0x00000000efe00000,0x00000000f044f070,0x00000000f0e00000)
  to   space 15360K, 0% used [0x00000000fef80000,0x00000000fef80000,0x00000000ffe80000)
 ParOldGen       total 84992K, used 32031K [0x0000000085200000, 0x000000008a500000, 0x00000000d7100000)
  object space 84992K, 37% used [0x0000000085200000,0x0000000087147f08,0x000000008a500000)
 Metaspace       used 16619K, capacity 16878K, committed 17280K, reserved 1064960K
  class space    used 2013K, capacity 2116K, committed 2176K, reserved 1048576K
Event: 13.650 GC heap after
Heap after GC invocations=12 (full 0):
 PSYoungGen      total 653824K, used 6460K [0x00000000d7100000, 0x00000000ffe00000, 0x0000000100000000)
  eden space 638976K, 0% used [0x00000000d7100000,0x00000000d7100000,0x00000000fe100000)
  from space 14848K, 43% used [0x00000000fef80000,0x00000000ff5cf070,0x00000000ffe00000)
  to   space 14848K, 0% used [0x00000000fe100000,0x00000000fe100000,0x00000000fef80000)
 ParOldGen       total 84992K, used 32055K [0x0000000085200000, 0x000000008a500000, 0x00000000d7100000)
  object space 84992K, 37% used [0x0000000085200000,0x000000008714df08,0x000000008a500000)
 Metaspace       used 16619K, capacity 16878K, committed 17280K, reserved 1064960K
  class space    used 2013K, capacity 2116K, committed 2176K, reserved 1048576K
}
Event: 15.601 GC heap before
{Heap before GC invocations=13 (full 0):
 PSYoungGen      total 653824K, used 645436K [0x00000000d7100000, 0x00000000ffe00000, 0x0000000100000000)
  eden space 638976K, 100% used [0x00000000d7100000,0x00000000fe100000,0x00000000fe100000)
  from space 14848K, 43% used [0x00000000fef80000,0x00000000ff5cf070,0x00000000ffe00000)
  to   space 14848K, 0% used [0x00000000fe100000,0x00000000fe100000,0x00000000fef80000)
 ParOldGen       total 84992K, used 32055K [0x0000000085200000, 0x000000008a500000, 0x00000000d7100000)
  object space 84992K, 37% used [0x0000000085200000,0x000000008714df08,0x000000008a500000)
 Metaspace       used 16656K, capacity 16942K, committed 17280K, reserved 1064960K
  class space    used 2013K, capacity 2116K, committed 2176K, reserved 1048576K
Event: 15.605 GC heap after
Heap after GC invocations=13 (full 0):
 PSYoungGen      total 653824K, used 4628K [0x00000000d7100000, 0x00000000fff00000, 0x0000000100000000)
  eden space 638976K, 0% used [0x00000000d7100000,0x00000000d7100000,0x00000000fe100000)
  from space 14848K, 31% used [0x00000000fe100000,0x00000000fe585050,0x00000000fef80000)
  to   space 14336K, 0% used [0x00000000ff100000,0x00000000ff100000,0x00000000fff00000)
 ParOldGen       total 84992K, used 32971K [0x0000000085200000, 0x000000008a500000, 0x00000000d7100000)
  object space 84992K, 38% used [0x0000000085200000,0x0000000087232f18,0x000000008a500000)
 Metaspace       used 16656K, capacity 16942K, committed 17280K, reserved 1064960K
  class space    used 2013K, capacity 2116K, committed 2176K, reserved 1048576K
}

