# JRE version: Java(TM) SE Runtime Environment (8.0_91-b14) (build 1.8.0_91-b14)
# Java VM: Java HotSpot(TM) 64-Bit Server VM (25.91-b14 mixed mode linux-amd64 compressed oops)
Heap:
 PSYoungGen      total 43520K, used 8434K [0x00000000d7100000, 0x00000000daa80000, 0x0000000100000000)
  eden space 34816K, 16% used [0x00000000d7100000,0x00000000d76897f8,0x00000000d9300000)
  from space 8704K, 31% used [0x00000000d9b80000,0x00000000d9e33030,0x00000000da400000)
  to   space 8704K, 0% used [0x00000000d9300000,0x00000000d9300000,0x00000000d9b80000)
 ParOldGen       total 54784K, used 22166K [0x0000000085200000, 0x0000000088780000, 0x00000000d7100000)
  object space 54784K, 40% used [0x0000000085200000,0x00000000867a58b8,0x0000000088780000)
 Metaspace       used 17477K, capacity 17722K, committed 18048K, reserved 1064960K
  class space    used 2052K, capacity 2118K, committed 2176K, reserved 1048576K
GC Heap History (10 events):
Event: 782.613 GC heap before
{Heap before GC invocations=3806 (full 27):
 PSYoungGen      total 36352K, used 35612K [0x00000000d7100000, 0x00000000d9d00000, 0x0000000100000000)
  eden space 29184K, 100% used [0x00000000d7100000,0x00000000d8d80000,0x00000000d8d80000)
  from space 7168K, 89% used [0x00000000d9500000,0x00000000d9b47070,0x00000000d9c00000)
  to   space 7680K, 0% used [0x00000000d8d80000,0x00000000d8d80000,0x00000000d9500000)
 ParOldGen       total 52736K, used 45858K [0x0000000085200000, 0x0000000088580000, 0x00000000d7100000)
  object space 52736K, 86% used [0x0000000085200000,0x0000000087ec8bd8,0x0000000088580000)
 Metaspace       used 17477K, capacity 17722K, committed 18048K, reserved 1064960K
  class space    used 2052K, capacity 2118K, committed 2176K, reserved 1048576K
Event: 782.615 GC heap after
Heap after GC invocations=3806 (full 27):
 PSYoungGen      total 36864K, used 7360K [0x00000000d7100000, 0x00000000da380000, 0x0000000100000000)
  eden space 29184K, 0% used [0x00000000d7100000,0x00000000d7100000,0x00000000d8d80000)
  from space 7680K, 95% used [0x00000000d8d80000,0x00000000d94b0080,0x00000000d9500000)
  to   space 8192K, 0% used [0x00000000d9b80000,0x00000000d9b80000,0x00000000da380000)
 ParOldGen       total 52736K, used 45866K [0x0000000085200000, 0x0000000088580000, 0x00000000d7100000)
  object space 52736K, 86% used [0x0000000085200000,0x0000000087ecabd8,0x0000000088580000)
 Metaspace       used 17477K, capacity 17722K, committed 18048K, reserved 1064960K
  class space    used 2052K, capacity 2118K, committed 2176K, reserved 1048576K
}
Event: 782.858 GC heap before
{Heap before GC invocations=3807 (full 27):
 PSYoungGen      total 36864K, used 36320K [0x00000000d7100000, 0x00000000da380000, 0x0000000100000000)
  eden space 29184K, 99% used [0x00000000d7100000,0x00000000d8d481f8,0x00000000d8d80000)
  from space 7680K, 95% used [0x00000000d8d80000,0x00000000d94b0080,0x00000000d9500000)
  to   space 8192K, 0% used [0x00000000d9b80000,0x00000000d9b80000,0x00000000da380000)
 ParOldGen       total 52736K, used 47666K [0x0000000085200000, 0x0000000088580000, 0x00000000d7100000)
  object space 52736K, 90% used [0x0000000085200000,0x000000008808cbf8,0x0000000088580000)
 Metaspace       used 17477K, capacity 17722K, committed 18048K, reserved 1064960K
  class space    used 2052K, capacity 2118K, committed 2176K, reserved 1048576K
Event: 782.860 GC heap after
Heap after GC invocations=3807 (full 27):
 PSYoungGen      total 43520K, used 3728K [0x00000000d7100000, 0x00000000da380000, 0x0000000100000000)
  eden space 35328K, 0% used [0x00000000d7100000,0x00000000d7100000,0x00000000d9380000)
  from space 8192K, 45% used [0x00000000d9b80000,0x00000000d9f24040,0x00000000da380000)
  to   space 8192K, 0% used [0x00000000d9380000,0x00000000d9380000,0x00000000d9b80000)
 ParOldGen       total 52736K, used 50383K [0x0000000085200000, 0x0000000088580000, 0x00000000d7100000)
  object space 52736K, 95% used [0x0000000085200000,0x0000000088333c28,0x0000000088580000)
 Metaspace       used 17477K, capacity 17722K, committed 18048K, reserved 1064960K
  class space    used 2052K, capacity 2118K, committed 2176K, reserved 1048576K
}
Event: 783.194 GC heap before
{Heap before GC invocations=3808 (full 28):
 PSYoungGen      total 43520K, used 39056K [0x00000000d7100000, 0x00000000da380000, 0x0000000100000000)
  eden space 35328K, 100% used [0x00000000d7100000,0x00000000d9380000,0x00000000d9380000)
  from space 8192K, 45% used [0x00000000d9b80000,0x00000000d9f24040,0x00000000da380000)
  to   space 8192K, 0% used [0x00000000d9380000,0x00000000d9380000,0x00000000d9b80000)
 ParOldGen       total 54784K, used 54094K [0x0000000085200000, 0x0000000088780000, 0x00000000d7100000)
  object space 54784K, 98% used [0x0000000085200000,0x00000000886d3a98,0x0000000088780000)
 Metaspace       used 17477K, capacity 17722K, committed 18048K, reserved 1064960K
  class space    used 2052K, capacity 2118K, committed 2176K, reserved 1048576K
Event: 783.214 GC heap after
Heap after GC invocations=3808 (full 28):
 PSYoungGen      total 43520K, used 0K [0x00000000d7100000, 0x00000000da380000, 0x0000000100000000)
  eden space 35328K, 0% used [0x00000000d7100000,0x00000000d7100000,0x00000000d9380000)
  from space 8192K, 0% used [0x00000000d9b80000,0x00000000d9b80000,0x00000000da380000)
  to   space 8192K, 0% used [0x00000000d9380000,0x00000000d9380000,0x00000000d9b80000)
 ParOldGen       total 54784K, used 21258K [0x0000000085200000, 0x0000000088780000, 0x00000000d7100000)
  object space 54784K, 38% used [0x0000000085200000,0x00000000866c28a8,0x0000000088780000)
 Metaspace       used 17477K, capacity 17722K, committed 18048K, reserved 1064960K
  class space    used 2052K, capacity 2118K, committed 2176K, reserved 1048576K
}
Event: 783.414 GC heap before
{Heap before GC invocations=3809 (full 28):
 PSYoungGen      total 43520K, used 35328K [0x00000000d7100000, 0x00000000da380000, 0x0000000100000000)
  eden space 35328K, 100% used [0x00000000d7100000,0x00000000d9380000,0x00000000d9380000)
  from space 8192K, 0% used [0x00000000d9b80000,0x00000000d9b80000,0x00000000da380000)
  to   space 8192K, 0% used [0x00000000d9380000,0x00000000d9380000,0x00000000d9b80000)
 ParOldGen       total 54784K, used 21258K [0x0000000085200000, 0x0000000088780000, 0x00000000d7100000)
  object space 54784K, 38% used [0x0000000085200000,0x00000000866c28a8,0x0000000088780000)
 Metaspace       used 17477K, capacity 17722K, committed 18048K, reserved 1064960K
  class space    used 2052K, capacity 2118K, committed 2176K, reserved 1048576K
Event: 783.416 GC heap after
Heap after GC invocations=3809 (full 28):
 PSYoungGen      total 43008K, used 7360K [0x00000000d7100000, 0x00000000da400000, 0x0000000100000000)
  eden space 34816K, 0% used [0x00000000d7100000,0x00000000d7100000,0x00000000d9300000)
  from space 8192K, 89% used [0x00000000d9380000,0x00000000d9ab0080,0x00000000d9b80000)
  to   space 8704K, 0% used [0x00000000d9b80000,0x00000000d9b80000,0x00000000da400000)
 ParOldGen       total 54784K, used 21258K [0x0000000085200000, 0x0000000088780000, 0x00000000d7100000)
  object space 54784K, 38% used [0x0000000085200000,0x00000000866c28a8,0x0000000088780000)
 Metaspace       used 17477K, capacity 17722K, committed 18048K, reserved 1064960K
  class space    used 2052K, capacity 2118K, committed 2176K, reserved 1048576K
}
Event: 783.744 GC heap before
{Heap before GC invocations=3810 (full 28):
 PSYoungGen      total 43008K, used 42054K [0x00000000d7100000, 0x00000000da400000, 0x0000000100000000)
  eden space 34816K, 99% used [0x00000000d7100000,0x00000000d92e19a8,0x00000000d9300000)
  from space 8192K, 89% used [0x00000000d9380000,0x00000000d9ab0080,0x00000000d9b80000)
  to   space 8704K, 0% used [0x00000000d9b80000,0x00000000d9b80000,0x00000000da400000)
 ParOldGen       total 54784K, used 22158K [0x0000000085200000, 0x0000000088780000, 0x00000000d7100000)
  object space 54784K, 40% used [0x0000000085200000,0x00000000867a38b8,0x0000000088780000)
 Metaspace       used 17477K, capacity 17722K, committed 18048K, reserved 1064960K
  class space    used 2052K, capacity 2118K, committed 2176K, reserved 1048576K
Event: 783.748 GC heap after
Heap after GC invocations=3810 (full 28):
 PSYoungGen      total 43520K, used 2764K [0x00000000d7100000, 0x00000000daa80000, 0x0000000100000000)
  eden space 34816K, 0% used [0x00000000d7100000,0x00000000d7100000,0x00000000d9300000)
  from space 8704K, 31% used [0x00000000d9b80000,0x00000000d9e33030,0x00000000da400000)
  to   space 8704K, 0% used [0x00000000d9300000,0x00000000d9300000,0x00000000d9b80000)
 ParOldGen       total 54784K, used 22166K [0x0000000085200000, 0x0000000088780000, 0x00000000d7100000)
  object space 54784K, 40% used [0x0000000085200000,0x00000000867a58b8,0x0000000088780000)
 Metaspace       used 17477K, capacity 17722K, committed 18048K, reserved 1064960K
  class space    used 2052K, capacity 2118K, committed 2176K, reserved 1048576K
}

